Analysis & Synthesis report for bbtronenhanced
Tue Jun 06 23:37:36 2017
Quartus Prime Version 16.1.0 Build 196 10/24/2016 SJ Lite Edition


---------------------
; Table of Contents ;
---------------------
  1. Legal Notice
  2. Analysis & Synthesis Summary
  3. Analysis & Synthesis Settings
  4. Parallel Compilation
  5. Analysis & Synthesis Source Files Read
  6. Analysis & Synthesis Resource Usage Summary
  7. Analysis & Synthesis Resource Utilization by Entity
  8. User-Specified and Inferred Latches
  9. General Register Statistics
 10. Post-Synthesis Netlist Statistics for Top Partition
 11. Elapsed Time Per Partition
 12. Analysis & Synthesis Messages



----------------
; Legal Notice ;
----------------
Copyright (C) 2016  Intel Corporation. All rights reserved.
Your use of Intel Corporation's design tools, logic functions 
and other software and tools, and its AMPP partner logic 
functions, and any output files from any of the foregoing 
(including device programming or simulation files), and any 
associated documentation or information are expressly subject 
to the terms and conditions of the Intel Program License 
Subscription Agreement, the Intel Quartus Prime License Agreement,
the Intel MegaCore Function License Agreement, or other 
applicable license agreement, including, without limitation, 
that your use is for the sole purpose of programming logic 
devices manufactured by Intel and sold by Intel or its 
authorized distributors.  Please refer to the applicable 
agreement for further details.



+----------------------------------------------------------------------------------+
; Analysis & Synthesis Summary                                                     ;
+------------------------------------+---------------------------------------------+
; Analysis & Synthesis Status        ; Successful - Tue Jun 06 23:37:36 2017       ;
; Quartus Prime Version              ; 16.1.0 Build 196 10/24/2016 SJ Lite Edition ;
; Revision Name                      ; bbtronenhanced                              ;
; Top-level Entity Name              ; controlUnity                                ;
; Family                             ; Cyclone IV E                                ;
; Total logic elements               ; 31                                          ;
;     Total combinational functions  ; 31                                          ;
;     Dedicated logic registers      ; 0                                           ;
; Total registers                    ; 0                                           ;
; Total pins                         ; 18                                          ;
; Total virtual pins                 ; 0                                           ;
; Total memory bits                  ; 0                                           ;
; Embedded Multiplier 9-bit elements ; 0                                           ;
; Total PLLs                         ; 0                                           ;
+------------------------------------+---------------------------------------------+


+----------------------------------------------------------------------------------------------------------------------+
; Analysis & Synthesis Settings                                                                                        ;
+----------------------------------------------------------------------------+--------------------+--------------------+
; Option                                                                     ; Setting            ; Default Value      ;
+----------------------------------------------------------------------------+--------------------+--------------------+
; Top-level entity name                                                      ; controlUnity       ; bbtronenhanced     ;
; Family name                                                                ; Cyclone IV E       ; Cyclone V          ;
; Use smart compilation                                                      ; Off                ; Off                ;
; Enable parallel Assembler and TimeQuest Timing Analyzer during compilation ; On                 ; On                 ;
; Enable compact report table                                                ; Off                ; Off                ;
; Restructure Multiplexers                                                   ; Auto               ; Auto               ;
; Create Debugging Nodes for IP Cores                                        ; Off                ; Off                ;
; Preserve fewer node names                                                  ; On                 ; On                 ;
; OpenCore Plus hardware evaluation                                          ; Enable             ; Enable             ;
; Verilog Version                                                            ; Verilog_2001       ; Verilog_2001       ;
; VHDL Version                                                               ; VHDL_1993          ; VHDL_1993          ;
; State Machine Processing                                                   ; Auto               ; Auto               ;
; Safe State Machine                                                         ; Off                ; Off                ;
; Extract Verilog State Machines                                             ; On                 ; On                 ;
; Extract VHDL State Machines                                                ; On                 ; On                 ;
; Ignore Verilog initial constructs                                          ; Off                ; Off                ;
; Iteration limit for constant Verilog loops                                 ; 5000               ; 5000               ;
; Iteration limit for non-constant Verilog loops                             ; 250                ; 250                ;
; Add Pass-Through Logic to Inferred RAMs                                    ; On                 ; On                 ;
; Infer RAMs from Raw Logic                                                  ; On                 ; On                 ;
; Parallel Synthesis                                                         ; On                 ; On                 ;
; DSP Block Balancing                                                        ; Auto               ; Auto               ;
; NOT Gate Push-Back                                                         ; On                 ; On                 ;
; Power-Up Don't Care                                                        ; On                 ; On                 ;
; Remove Redundant Logic Cells                                               ; Off                ; Off                ;
; Remove Duplicate Registers                                                 ; On                 ; On                 ;
; Ignore CARRY Buffers                                                       ; Off                ; Off                ;
; Ignore CASCADE Buffers                                                     ; Off                ; Off                ;
; Ignore GLOBAL Buffers                                                      ; Off                ; Off                ;
; Ignore ROW GLOBAL Buffers                                                  ; Off                ; Off                ;
; Ignore LCELL Buffers                                                       ; Off                ; Off                ;
; Ignore SOFT Buffers                                                        ; On                 ; On                 ;
; Limit AHDL Integers to 32 Bits                                             ; Off                ; Off                ;
; Optimization Technique                                                     ; Balanced           ; Balanced           ;
; Carry Chain Length                                                         ; 70                 ; 70                 ;
; Auto Carry Chains                                                          ; On                 ; On                 ;
; Auto Open-Drain Pins                                                       ; On                 ; On                 ;
; Perform WYSIWYG Primitive Resynthesis                                      ; Off                ; Off                ;
; Auto ROM Replacement                                                       ; On                 ; On                 ;
; Auto RAM Replacement                                                       ; On                 ; On                 ;
; Auto DSP Block Replacement                                                 ; On                 ; On                 ;
; Auto Shift Register Replacement                                            ; Auto               ; Auto               ;
; Allow Shift Register Merging across Hierarchies                            ; Auto               ; Auto               ;
; Auto Clock Enable Replacement                                              ; On                 ; On                 ;
; Strict RAM Replacement                                                     ; Off                ; Off                ;
; Allow Synchronous Control Signals                                          ; On                 ; On                 ;
; Force Use of Synchronous Clear Signals                                     ; Off                ; Off                ;
; Auto RAM Block Balancing                                                   ; On                 ; On                 ;
; Auto RAM to Logic Cell Conversion                                          ; Off                ; Off                ;
; Auto Resource Sharing                                                      ; Off                ; Off                ;
; Allow Any RAM Size For Recognition                                         ; Off                ; Off                ;
; Allow Any ROM Size For Recognition                                         ; Off                ; Off                ;
; Allow Any Shift Register Size For Recognition                              ; Off                ; Off                ;
; Use LogicLock Constraints during Resource Balancing                        ; On                 ; On                 ;
; Ignore translate_off and synthesis_off directives                          ; Off                ; Off                ;
; Timing-Driven Synthesis                                                    ; On                 ; On                 ;
; Report Parameter Settings                                                  ; On                 ; On                 ;
; Report Source Assignments                                                  ; On                 ; On                 ;
; Report Connectivity Checks                                                 ; On                 ; On                 ;
; Ignore Maximum Fan-Out Assignments                                         ; Off                ; Off                ;
; Synchronization Register Chain Length                                      ; 2                  ; 2                  ;
; PowerPlay Power Optimization During Synthesis                              ; Normal compilation ; Normal compilation ;
; HDL message level                                                          ; Level2             ; Level2             ;
; Suppress Register Optimization Related Messages                            ; Off                ; Off                ;
; Number of Removed Registers Reported in Synthesis Report                   ; 5000               ; 5000               ;
; Number of Swept Nodes Reported in Synthesis Report                         ; 5000               ; 5000               ;
; Number of Inverted Registers Reported in Synthesis Report                  ; 100                ; 100                ;
; Clock MUX Protection                                                       ; On                 ; On                 ;
; Auto Gated Clock Conversion                                                ; Off                ; Off                ;
; Block Design Naming                                                        ; Auto               ; Auto               ;
; SDC constraint protection                                                  ; Off                ; Off                ;
; Synthesis Effort                                                           ; Auto               ; Auto               ;
; Shift Register Replacement - Allow Asynchronous Clear Signal               ; On                 ; On                 ;
; Pre-Mapping Resynthesis Optimization                                       ; Off                ; Off                ;
; Analysis & Synthesis Message Level                                         ; Medium             ; Medium             ;
; Disable Register Merging Across Hierarchies                                ; Auto               ; Auto               ;
; Resource Aware Inference For Block RAM                                     ; On                 ; On                 ;
+----------------------------------------------------------------------------+--------------------+--------------------+


+------------------------------------------+
; Parallel Compilation                     ;
+----------------------------+-------------+
; Processors                 ; Number      ;
+----------------------------+-------------+
; Number detected on machine ; 8           ;
; Maximum allowed            ; 4           ;
;                            ;             ;
; Average used               ; 1.00        ;
; Maximum used               ; 4           ;
;                            ;             ;
; Usage by Processor         ; % Time Used ;
;     Processor 1            ; 100.0%      ;
;     Processors 2-4         ;   0.0%      ;
+----------------------------+-------------+


+-----------------------------------------------------------------------------------------------------------------------------------------------------------------+
; Analysis & Synthesis Source Files Read                                                                                                                          ;
+----------------------------------+-----------------+------------------------+-------------------------------------------------------------------------+---------+
; File Name with User-Entered Path ; Used in Netlist ; File Type              ; File Name with Absolute Path                                            ; Library ;
+----------------------------------+-----------------+------------------------+-------------------------------------------------------------------------+---------+
; controlUnity.v                   ; yes             ; User Verilog HDL File  ; e:/Users/Sergio/Documents/GitHub/bbtron_enhanced/Projeto/controlUnity.v ;         ;
+----------------------------------+-----------------+------------------------+-------------------------------------------------------------------------+---------+


+---------------------------------------------------------------+
; Analysis & Synthesis Resource Usage Summary                   ;
+---------------------------------------------+-----------------+
; Resource                                    ; Usage           ;
+---------------------------------------------+-----------------+
; Estimated Total logic elements              ; 31              ;
;                                             ;                 ;
; Total combinational functions               ; 31              ;
; Logic element usage by number of LUT inputs ;                 ;
;     -- 4 input functions                    ; 13              ;
;     -- 3 input functions                    ; 16              ;
;     -- <=2 input functions                  ; 2               ;
;                                             ;                 ;
; Logic elements by mode                      ;                 ;
;     -- normal mode                          ; 31              ;
;     -- arithmetic mode                      ; 0               ;
;                                             ;                 ;
; Total registers                             ; 0               ;
;     -- Dedicated logic registers            ; 0               ;
;     -- I/O registers                        ; 0               ;
;                                             ;                 ;
; I/O pins                                    ; 18              ;
;                                             ;                 ;
; Embedded Multiplier 9-bit elements          ; 0               ;
;                                             ;                 ;
; Maximum fan-out node                        ; opcode[1]~input ;
; Maximum fan-out                             ; 12              ;
; Total fan-out                               ; 134             ;
; Average fan-out                             ; 2.00            ;
+---------------------------------------------+-----------------+


+-----------------------------------------------------------------------------------------------------------------------------------------------------------------------------------------------------------+
; Analysis & Synthesis Resource Utilization by Entity                                                                                                                                                       ;
+----------------------------+---------------------+---------------------------+-------------+--------------+---------+-----------+------+--------------+---------------------+--------------+--------------+
; Compilation Hierarchy Node ; Combinational ALUTs ; Dedicated Logic Registers ; Memory Bits ; DSP Elements ; DSP 9x9 ; DSP 18x18 ; Pins ; Virtual Pins ; Full Hierarchy Name ; Entity Name  ; Library Name ;
+----------------------------+---------------------+---------------------------+-------------+--------------+---------+-----------+------+--------------+---------------------+--------------+--------------+
; |controlUnity              ; 31 (31)             ; 0 (0)                     ; 0           ; 0            ; 0       ; 0         ; 18   ; 0            ; |controlUnity       ; controlUnity ; work         ;
+----------------------------+---------------------+---------------------------+-------------+--------------+---------+-----------+------+--------------+---------------------+--------------+--------------+
Note: For table entries with two numbers listed, the numbers in parentheses indicate the number of resources of the given type used by the specific entity alone. The numbers listed outside of parentheses indicate the total resources of the given type used by the specific entity and all of its sub-entities in the hierarchy.


+----------------------------------------------------------------------------------------------------+
; User-Specified and Inferred Latches                                                                ;
+-----------------------------------------------------+---------------------+------------------------+
; Latch Name                                          ; Latch Enable Signal ; Free of Timing Hazards ;
+-----------------------------------------------------+---------------------+------------------------+
; cu_writeReg$latch                                   ; WideOr0             ; yes                    ;
; cu_regDest$latch                                    ; WideOr0             ; yes                    ;
; cu_memtoReg$latch                                   ; WideOr0             ; yes                    ;
; cu_Jump$latch                                       ; WideOr0             ; yes                    ;
; cu_inSignal$latch                                   ; WideOr0             ; yes                    ;
; cu_aluScr$latch                                     ; WideOr0             ; yes                    ;
; cu_writeEnable$latch                                ; WideOr0             ; yes                    ;
; cu_readEnable$latch                                 ; WideOr0             ; yes                    ;
; cu_Branch$latch                                     ; WideOr0             ; yes                    ;
; cu_aluOp$latch                                      ; WideOr0             ; yes                    ;
; cu_hlt$latch                                        ; WideOr0             ; yes                    ;
; cu_reset$latch                                      ; WideOr0             ; yes                    ;
; Number of user-specified and inferred latches = 12  ;                     ;                        ;
+-----------------------------------------------------+---------------------+------------------------+
Note: All latches listed above may not be present at the end of synthesis due to various synthesis optimizations.


+------------------------------------------------------+
; General Register Statistics                          ;
+----------------------------------------------+-------+
; Statistic                                    ; Value ;
+----------------------------------------------+-------+
; Total registers                              ; 0     ;
; Number of registers using Synchronous Clear  ; 0     ;
; Number of registers using Synchronous Load   ; 0     ;
; Number of registers using Asynchronous Clear ; 0     ;
; Number of registers using Asynchronous Load  ; 0     ;
; Number of registers using Clock Enable       ; 0     ;
; Number of registers using Preset             ; 0     ;
+----------------------------------------------+-------+


+-----------------------------------------------------+
; Post-Synthesis Netlist Statistics for Top Partition ;
+-----------------------+-----------------------------+
; Type                  ; Count                       ;
+-----------------------+-----------------------------+
; boundary_port         ; 18                          ;
; cycloneiii_lcell_comb ; 31                          ;
;     normal            ; 31                          ;
;         2 data inputs ; 2                           ;
;         3 data inputs ; 16                          ;
;         4 data inputs ; 13                          ;
;                       ;                             ;
; Max LUT depth         ; 4.00                        ;
; Average LUT depth     ; 2.72                        ;
+-----------------------+-----------------------------+


+-------------------------------+
; Elapsed Time Per Partition    ;
+----------------+--------------+
; Partition Name ; Elapsed Time ;
+----------------+--------------+
; Top            ; 00:00:00     ;
+----------------+--------------+


+-------------------------------+
; Analysis & Synthesis Messages ;
+-------------------------------+
Info: *******************************************************************
Info: Running Quartus Prime Analysis & Synthesis
    Info: Version 16.1.0 Build 196 10/24/2016 SJ Lite Edition
    Info: Processing started: Tue Jun 06 23:37:24 2017
Info: Command: quartus_map --read_settings_files=on --write_settings_files=off bbtronenhanced -c bbtronenhanced
Warning (18236): Number of processors has not been specified which may cause overloading on shared machines.  Set the global assignment NUM_PARALLEL_PROCESSORS in your QSF to an appropriate value for best performance.
Info (20030): Parallel compilation is enabled and will use 4 of the 4 processors detected
Info (12021): Found 1 design units, including 1 entities, in source file signextenderr.v
    Info (12023): Found entity 1: signExtenderR File: e:/Users/Sergio/Documents/GitHub/bbtron_enhanced/Projeto/signExtenderR.v Line: 1
Info (12021): Found 1 design units, including 1 entities, in source file signextenderj.v
    Info (12023): Found entity 1: signExtenderJ File: e:/Users/Sergio/Documents/GitHub/bbtron_enhanced/Projeto/signExtenderJ.v Line: 1
Info (12021): Found 1 design units, including 1 entities, in source file registerbench.v
    Info (12023): Found entity 1: registerBench File: e:/Users/Sergio/Documents/GitHub/bbtron_enhanced/Projeto/registerBench.v Line: 1
Info (12021): Found 1 design units, including 1 entities, in source file programcounter.v
    Info (12023): Found entity 1: programCounter File: e:/Users/Sergio/Documents/GitHub/bbtron_enhanced/Projeto/programCounter.v Line: 1
Info (12021): Found 1 design units, including 1 entities, in source file muxregdest.v
    Info (12023): Found entity 1: muxRegDest File: e:/Users/Sergio/Documents/GitHub/bbtron_enhanced/Projeto/muxRegDest.v Line: 1
Warning (10229): Verilog HDL Expression warning at controlUnity.v(165): truncated literal to match 1 bits File: e:/Users/Sergio/Documents/GitHub/bbtron_enhanced/Projeto/controlUnity.v Line: 165
Warning (10229): Verilog HDL Expression warning at controlUnity.v(195): truncated literal to match 1 bits File: e:/Users/Sergio/Documents/GitHub/bbtron_enhanced/Projeto/controlUnity.v Line: 195
Info (12021): Found 1 design units, including 1 entities, in source file controlunity.v
    Info (12023): Found entity 1: controlUnity File: e:/Users/Sergio/Documents/GitHub/bbtron_enhanced/Projeto/controlUnity.v Line: 1
Info (12127): Elaborating entity "controlUnity" for the top level hierarchy
Warning (10230): Verilog HDL assignment warning at controlUnity.v(17): truncated value with size 4 to match size of target (1) File: e:/Users/Sergio/Documents/GitHub/bbtron_enhanced/Projeto/controlUnity.v Line: 17
Warning (10230): Verilog HDL assignment warning at controlUnity.v(32): truncated value with size 4 to match size of target (1) File: e:/Users/Sergio/Documents/GitHub/bbtron_enhanced/Projeto/controlUnity.v Line: 32
Warning (10230): Verilog HDL assignment warning at controlUnity.v(47): truncated value with size 4 to match size of target (1) File: e:/Users/Sergio/Documents/GitHub/bbtron_enhanced/Projeto/controlUnity.v Line: 47
Warning (10230): Verilog HDL assignment warning at controlUnity.v(62): truncated value with size 4 to match size of target (1) File: e:/Users/Sergio/Documents/GitHub/bbtron_enhanced/Projeto/controlUnity.v Line: 62
Warning (10230): Verilog HDL assignment warning at controlUnity.v(77): truncated value with size 4 to match size of target (1) File: e:/Users/Sergio/Documents/GitHub/bbtron_enhanced/Projeto/controlUnity.v Line: 77
Warning (10230): Verilog HDL assignment warning at controlUnity.v(92): truncated value with size 4 to match size of target (1) File: e:/Users/Sergio/Documents/GitHub/bbtron_enhanced/Projeto/controlUnity.v Line: 92
Warning (10230): Verilog HDL assignment warning at controlUnity.v(107): truncated value with size 4 to match size of target (1) File: e:/Users/Sergio/Documents/GitHub/bbtron_enhanced/Projeto/controlUnity.v Line: 107
Warning (10230): Verilog HDL assignment warning at controlUnity.v(122): truncated value with size 4 to match size of target (1) File: e:/Users/Sergio/Documents/GitHub/bbtron_enhanced/Projeto/controlUnity.v Line: 122
Warning (10230): Verilog HDL assignment warning at controlUnity.v(137): truncated value with size 4 to match size of target (1) File: e:/Users/Sergio/Documents/GitHub/bbtron_enhanced/Projeto/controlUnity.v Line: 137
Warning (10230): Verilog HDL assignment warning at controlUnity.v(152): truncated value with size 4 to match size of target (1) File: e:/Users/Sergio/Documents/GitHub/bbtron_enhanced/Projeto/controlUnity.v Line: 152
Warning (10230): Verilog HDL assignment warning at controlUnity.v(167): truncated value with size 4 to match size of target (1) File: e:/Users/Sergio/Documents/GitHub/bbtron_enhanced/Projeto/controlUnity.v Line: 167
Warning (10230): Verilog HDL assignment warning at controlUnity.v(182): truncated value with size 4 to match size of target (1) File: e:/Users/Sergio/Documents/GitHub/bbtron_enhanced/Projeto/controlUnity.v Line: 182
Warning (10230): Verilog HDL assignment warning at controlUnity.v(197): truncated value with size 4 to match size of target (1) File: e:/Users/Sergio/Documents/GitHub/bbtron_enhanced/Projeto/controlUnity.v Line: 197
Warning (10230): Verilog HDL assignment warning at controlUnity.v(212): truncated value with size 4 to match size of target (1) File: e:/Users/Sergio/Documents/GitHub/bbtron_enhanced/Projeto/controlUnity.v Line: 212
Warning (10230): Verilog HDL assignment warning at controlUnity.v(227): truncated value with size 4 to match size of target (1) File: e:/Users/Sergio/Documents/GitHub/bbtron_enhanced/Projeto/controlUnity.v Line: 227
Warning (10230): Verilog HDL assignment warning at controlUnity.v(242): truncated value with size 4 to match size of target (1) File: e:/Users/Sergio/Documents/GitHub/bbtron_enhanced/Projeto/controlUnity.v Line: 242
Warning (10230): Verilog HDL assignment warning at controlUnity.v(257): truncated value with size 4 to match size of target (1) File: e:/Users/Sergio/Documents/GitHub/bbtron_enhanced/Projeto/controlUnity.v Line: 257
Warning (10230): Verilog HDL assignment warning at controlUnity.v(272): truncated value with size 4 to match size of target (1) File: e:/Users/Sergio/Documents/GitHub/bbtron_enhanced/Projeto/controlUnity.v Line: 272
Warning (10230): Verilog HDL assignment warning at controlUnity.v(287): truncated value with size 4 to match size of target (1) File: e:/Users/Sergio/Documents/GitHub/bbtron_enhanced/Projeto/controlUnity.v Line: 287
Warning (10230): Verilog HDL assignment warning at controlUnity.v(302): truncated value with size 4 to match size of target (1) File: e:/Users/Sergio/Documents/GitHub/bbtron_enhanced/Projeto/controlUnity.v Line: 302
Warning (10230): Verilog HDL assignment warning at controlUnity.v(317): truncated value with size 4 to match size of target (1) File: e:/Users/Sergio/Documents/GitHub/bbtron_enhanced/Projeto/controlUnity.v Line: 317
Warning (10230): Verilog HDL assignment warning at controlUnity.v(332): truncated value with size 4 to match size of target (1) File: e:/Users/Sergio/Documents/GitHub/bbtron_enhanced/Projeto/controlUnity.v Line: 332
Warning (10230): Verilog HDL assignment warning at controlUnity.v(347): truncated value with size 4 to match size of target (1) File: e:/Users/Sergio/Documents/GitHub/bbtron_enhanced/Projeto/controlUnity.v Line: 347
Warning (10230): Verilog HDL assignment warning at controlUnity.v(362): truncated value with size 4 to match size of target (1) File: e:/Users/Sergio/Documents/GitHub/bbtron_enhanced/Projeto/controlUnity.v Line: 362
Warning (10230): Verilog HDL assignment warning at controlUnity.v(377): truncated value with size 4 to match size of target (1) File: e:/Users/Sergio/Documents/GitHub/bbtron_enhanced/Projeto/controlUnity.v Line: 377
Warning (10230): Verilog HDL assignment warning at controlUnity.v(392): truncated value with size 4 to match size of target (1) File: e:/Users/Sergio/Documents/GitHub/bbtron_enhanced/Projeto/controlUnity.v Line: 392
Warning (10270): Verilog HDL Case Statement warning at controlUnity.v(6): incomplete case statement has no default case item File: e:/Users/Sergio/Documents/GitHub/bbtron_enhanced/Projeto/controlUnity.v Line: 6
Warning (10240): Verilog HDL Always Construct warning at controlUnity.v(5): inferring latch(es) for variable "cu_writeReg", which holds its previous value in one or more paths through the always construct File: e:/Users/Sergio/Documents/GitHub/bbtron_enhanced/Projeto/controlUnity.v Line: 5
Warning (10240): Verilog HDL Always Construct warning at controlUnity.v(5): inferring latch(es) for variable "cu_regDest", which holds its previous value in one or more paths through the always construct File: e:/Users/Sergio/Documents/GitHub/bbtron_enhanced/Projeto/controlUnity.v Line: 5
Warning (10240): Verilog HDL Always Construct warning at controlUnity.v(5): inferring latch(es) for variable "cu_memtoReg", which holds its previous value in one or more paths through the always construct File: e:/Users/Sergio/Documents/GitHub/bbtron_enhanced/Projeto/controlUnity.v Line: 5
Warning (10240): Verilog HDL Always Construct warning at controlUnity.v(5): inferring latch(es) for variable "cu_Jump", which holds its previous value in one or more paths through the always construct File: e:/Users/Sergio/Documents/GitHub/bbtron_enhanced/Projeto/controlUnity.v Line: 5
Warning (10240): Verilog HDL Always Construct warning at controlUnity.v(5): inferring latch(es) for variable "cu_inSignal", which holds its previous value in one or more paths through the always construct File: e:/Users/Sergio/Documents/GitHub/bbtron_enhanced/Projeto/controlUnity.v Line: 5
Warning (10240): Verilog HDL Always Construct warning at controlUnity.v(5): inferring latch(es) for variable "cu_aluScr", which holds its previous value in one or more paths through the always construct File: e:/Users/Sergio/Documents/GitHub/bbtron_enhanced/Projeto/controlUnity.v Line: 5
Warning (10240): Verilog HDL Always Construct warning at controlUnity.v(5): inferring latch(es) for variable "cu_writeEnable", which holds its previous value in one or more paths through the always construct File: e:/Users/Sergio/Documents/GitHub/bbtron_enhanced/Projeto/controlUnity.v Line: 5
Warning (10240): Verilog HDL Always Construct warning at controlUnity.v(5): inferring latch(es) for variable "cu_readEnable", which holds its previous value in one or more paths through the always construct File: e:/Users/Sergio/Documents/GitHub/bbtron_enhanced/Projeto/controlUnity.v Line: 5
Warning (10240): Verilog HDL Always Construct warning at controlUnity.v(5): inferring latch(es) for variable "cu_Branch", which holds its previous value in one or more paths through the always construct File: e:/Users/Sergio/Documents/GitHub/bbtron_enhanced/Projeto/controlUnity.v Line: 5
Warning (10240): Verilog HDL Always Construct warning at controlUnity.v(5): inferring latch(es) for variable "cu_aluOp", which holds its previous value in one or more paths through the always construct File: e:/Users/Sergio/Documents/GitHub/bbtron_enhanced/Projeto/controlUnity.v Line: 5
Warning (10240): Verilog HDL Always Construct warning at controlUnity.v(5): inferring latch(es) for variable "cu_hlt", which holds its previous value in one or more paths through the always construct File: e:/Users/Sergio/Documents/GitHub/bbtron_enhanced/Projeto/controlUnity.v Line: 5
Warning (10240): Verilog HDL Always Construct warning at controlUnity.v(5): inferring latch(es) for variable "cu_reset", which holds its previous value in one or more paths through the always construct File: e:/Users/Sergio/Documents/GitHub/bbtron_enhanced/Projeto/controlUnity.v Line: 5
Info (10041): Inferred latch for "cu_reset" at controlUnity.v(5) File: e:/Users/Sergio/Documents/GitHub/bbtron_enhanced/Projeto/controlUnity.v Line: 5
Info (10041): Inferred latch for "cu_hlt" at controlUnity.v(5) File: e:/Users/Sergio/Documents/GitHub/bbtron_enhanced/Projeto/controlUnity.v Line: 5
Info (10041): Inferred latch for "cu_aluOp" at controlUnity.v(5) File: e:/Users/Sergio/Documents/GitHub/bbtron_enhanced/Projeto/controlUnity.v Line: 5
Info (10041): Inferred latch for "cu_Branch" at controlUnity.v(5) File: e:/Users/Sergio/Documents/GitHub/bbtron_enhanced/Projeto/controlUnity.v Line: 5
Info (10041): Inferred latch for "cu_readEnable" at controlUnity.v(5) File: e:/Users/Sergio/Documents/GitHub/bbtron_enhanced/Projeto/controlUnity.v Line: 5
Info (10041): Inferred latch for "cu_writeEnable" at controlUnity.v(5) File: e:/Users/Sergio/Documents/GitHub/bbtron_enhanced/Projeto/controlUnity.v Line: 5
Info (10041): Inferred latch for "cu_aluScr" at controlUnity.v(5) File: e:/Users/Sergio/Documents/GitHub/bbtron_enhanced/Projeto/controlUnity.v Line: 5
Info (10041): Inferred latch for "cu_inSignal" at controlUnity.v(5) File: e:/Users/Sergio/Documents/GitHub/bbtron_enhanced/Projeto/controlUnity.v Line: 5
Info (10041): Inferred latch for "cu_Jump" at controlUnity.v(5) File: e:/Users/Sergio/Documents/GitHub/bbtron_enhanced/Projeto/controlUnity.v Line: 5
Info (10041): Inferred latch for "cu_memtoReg" at controlUnity.v(5) File: e:/Users/Sergio/Documents/GitHub/bbtron_enhanced/Projeto/controlUnity.v Line: 5
Info (10041): Inferred latch for "cu_regDest" at controlUnity.v(5) File: e:/Users/Sergio/Documents/GitHub/bbtron_enhanced/Projeto/controlUnity.v Line: 5
Info (10041): Inferred latch for "cu_writeReg" at controlUnity.v(5) File: e:/Users/Sergio/Documents/GitHub/bbtron_enhanced/Projeto/controlUnity.v Line: 5
Info (13025): Duplicate LATCH primitives merged into single LATCH primitive
    Info (13026): Duplicate LATCH primitive "cu_readEnable$latch" merged with LATCH primitive "cu_memtoReg$latch" File: e:/Users/Sergio/Documents/GitHub/bbtron_enhanced/Projeto/controlUnity.v Line: 5
    Info (13026): Duplicate LATCH primitive "cu_reset$latch" merged with LATCH primitive "cu_hlt$latch" File: e:/Users/Sergio/Documents/GitHub/bbtron_enhanced/Projeto/controlUnity.v Line: 5
Warning (13012): Latch cu_writeReg$latch has unsafe behavior File: e:/Users/Sergio/Documents/GitHub/bbtron_enhanced/Projeto/controlUnity.v Line: 5
    Warning (13013): Ports D and ENA on the latch are fed by the same signal opcode[5] File: e:/Users/Sergio/Documents/GitHub/bbtron_enhanced/Projeto/controlUnity.v Line: 2
Warning (13012): Latch cu_regDest$latch has unsafe behavior File: e:/Users/Sergio/Documents/GitHub/bbtron_enhanced/Projeto/controlUnity.v Line: 5
    Warning (13013): Ports D and ENA on the latch are fed by the same signal opcode[4] File: e:/Users/Sergio/Documents/GitHub/bbtron_enhanced/Projeto/controlUnity.v Line: 2
Warning (13012): Latch cu_memtoReg$latch has unsafe behavior File: e:/Users/Sergio/Documents/GitHub/bbtron_enhanced/Projeto/controlUnity.v Line: 5
    Warning (13013): Ports D and ENA on the latch are fed by the same signal opcode[1] File: e:/Users/Sergio/Documents/GitHub/bbtron_enhanced/Projeto/controlUnity.v Line: 2
Warning (13012): Latch cu_Jump$latch has unsafe behavior File: e:/Users/Sergio/Documents/GitHub/bbtron_enhanced/Projeto/controlUnity.v Line: 5
    Warning (13013): Ports D and ENA on the latch are fed by the same signal opcode[5] File: e:/Users/Sergio/Documents/GitHub/bbtron_enhanced/Projeto/controlUnity.v Line: 2
Warning (13012): Latch cu_inSignal$latch has unsafe behavior File: e:/Users/Sergio/Documents/GitHub/bbtron_enhanced/Projeto/controlUnity.v Line: 5
    Warning (13013): Ports D and ENA on the latch are fed by the same signal opcode[1] File: e:/Users/Sergio/Documents/GitHub/bbtron_enhanced/Projeto/controlUnity.v Line: 2
Warning (13012): Latch cu_aluScr$latch has unsafe behavior File: e:/Users/Sergio/Documents/GitHub/bbtron_enhanced/Projeto/controlUnity.v Line: 5
    Warning (13013): Ports D and ENA on the latch are fed by the same signal opcode[4] File: e:/Users/Sergio/Documents/GitHub/bbtron_enhanced/Projeto/controlUnity.v Line: 2
Warning (13012): Latch cu_writeEnable$latch has unsafe behavior File: e:/Users/Sergio/Documents/GitHub/bbtron_enhanced/Projeto/controlUnity.v Line: 5
    Warning (13013): Ports D and ENA on the latch are fed by the same signal opcode[1] File: e:/Users/Sergio/Documents/GitHub/bbtron_enhanced/Projeto/controlUnity.v Line: 2
Warning (13012): Latch cu_Branch$latch has unsafe behavior File: e:/Users/Sergio/Documents/GitHub/bbtron_enhanced/Projeto/controlUnity.v Line: 5
    Warning (13013): Ports D and ENA on the latch are fed by the same signal opcode[1] File: e:/Users/Sergio/Documents/GitHub/bbtron_enhanced/Projeto/controlUnity.v Line: 2
Warning (13012): Latch cu_aluOp$latch has unsafe behavior File: e:/Users/Sergio/Documents/GitHub/bbtron_enhanced/Projeto/controlUnity.v Line: 5
    Warning (13013): Ports D and ENA on the latch are fed by the same signal opcode[5] File: e:/Users/Sergio/Documents/GitHub/bbtron_enhanced/Projeto/controlUnity.v Line: 2
Warning (13012): Latch cu_hlt$latch has unsafe behavior File: e:/Users/Sergio/Documents/GitHub/bbtron_enhanced/Projeto/controlUnity.v Line: 5
    Warning (13013): Ports D and ENA on the latch are fed by the same signal opcode[5] File: e:/Users/Sergio/Documents/GitHub/bbtron_enhanced/Projeto/controlUnity.v Line: 2
Info (286030): Timing-Driven Synthesis is running
Info (16010): Generating hard_block partition "hard_block:auto_generated_inst"
    Info (16011): Adding 0 node(s), including 0 DDIO, 0 PLL, 0 transceiver and 0 LCELL
Info (21057): Implemented 49 device resources after synthesis - the final resource count might be different
    Info (21058): Implemented 6 input pins
    Info (21059): Implemented 12 output pins
    Info (21061): Implemented 31 logic cells
Info: Quartus Prime Analysis & Synthesis was successful. 0 errors, 62 warnings
    Info: Peak virtual memory: 631 megabytes
    Info: Processing ended: Tue Jun 06 23:37:36 2017
    Info: Elapsed time: 00:00:12
    Info: Total CPU time (on all processors): 00:00:26


